TianMaoAnimator/build/outputs/logs/manifest-merger-release-report.txt
-- Merging decision tree log ---
manifest
ADDED from AnimatorTianMao\TianMaoAnimator\AndroidManifest.xml:2:1-37:12
INJECTED from AnimatorTianMao\TianMaoAnimator\AndroidManifest.xml:2:1-37:12
INJECTED from AnimatorTianMao\TianMaoAnimator\AndroidManifest.xml:2:1-37:12
MERGED from [com.android.support:appcompat-v7:27.0.0] AndroidManifest.xml:17:1-22:12
MERGED from [com.youth.banner:banner:1.4.10] AndroidManifest.xml:2:1-11:12
MERGED from [com.facebook.fresco:fresco:1.11.0] AndroidManifest.xml:2:1-9:12
MERGED from [com.github.bumptech.glide:glide:4.8.0] AndroidManifest.xml:2:1-12:12
MERGED from [com.android.support:animated-vector-drawable:27.0.0] AndroidManifest.xml:17:1-22:12
MERGED from [com.android.support:support-vector-drawable:27.0.0] AndroidManifest.xml:17:1-22:12
MERGED from [com.github.bumptech.glide:gifdecoder:4.8.0] AndroidManifest.xml:2:1-11:12
MERGED from [com.android.support:support-fragment:27.1.1] AndroidManifest.xml:17:1-22:12
MERGED from [com.android.support:support-core-ui:27.1.1] AndroidManifest.xml:17:1-22:12
MERGED from [com.android.support:support-core-utils:27.1.1] AndroidManifest.xml:17:1-22:12
MERGED from [com.android.support:support-compat:27.1.1] AndroidManifest.xml:17:1-22:12
MERGED from [com.facebook.fresco:drawee:1.11.0] AndroidManifest.xml:2:1-9:12
MERGED from [com.facebook.fresco:nativeimagefilters:1.11.0] AndroidManifest.xml:2:1-9:12
MERGED from [com.facebook.fresco:imagepipeline:1.11.0] AndroidManifest.xml:2:1-9:12
MERGED from [com.facebook.fresco:imagepipeline-base:1.11.0] AndroidManifest.xml:2:1-9:12
MERGED from [com.facebook.fresco:fbcore:1.11.0] AndroidManifest.xml:2:1-9:12
MERGED from [com.facebook.soloader:soloader:0.5.1] AndroidManifest.xml:2:1-13:12
MERGED from [android.arch.lifecycle:runtime:1.1.0] AndroidManifest.xml:17:1-22:12
MERGED from [android.arch.lifecycle:livedata-core:1.1.0] AndroidManifest.xml:17:1-22:12
MERGED from [android.arch.core:runtime:1.1.0] AndroidManifest.xml:17:1-22:12
MERGED from [android.arch.lifecycle:viewmodel:1.1.0] AndroidManifest.xml:17:1-22:12
INJECTED from AnimatorTianMao\TianMaoAnimator\AndroidManifest.xml:2:1-37:12
INJECTED from AnimatorTianMao\TianMaoAnimator\AndroidManifest.xml:2:1-37:12
	package
		ADDED from AnimatorTianMao\TianMaoAnimator\AndroidManifest.xml:3:5-31
	android:versionName
		ADDED from AnimatorTianMao\TianMaoAnimator\AndroidManifest.xml:5:5-30
		INJECTED from AnimatorTianMao\TianMaoAnimator\AndroidManifest.xml
		INJECTED from AnimatorTianMao\TianMaoAnimator\AndroidManifest.xml
	xmlns:android
		ADDED from AnimatorTianMao\TianMaoAnimator\AndroidManifest.xml:2:11-69
	android:versionCode
		ADDED from AnimatorTianMao\TianMaoAnimator\AndroidManifest.xml:4:5-28
		INJECTED from AnimatorTianMao\TianMaoAnimator\AndroidManifest.xml
		INJECTED from AnimatorTianMao\TianMaoAnimator\AndroidManifest.xml
uses-permission#android.permission.INTERNET
ADDED from AnimatorTianMao\TianMaoAnimator\AndroidManifest.xml:6:5-66
	android:name
		ADDED from AnimatorTianMao\TianMaoAnimator\AndroidManifest.xml:6:22-64
uses-permission#android.permission.ACCESS_NETWORK_STATE
ADDED from AnimatorTianMao\TianMaoAnimator\AndroidManifest.xml:7:5-79
	android:name
		ADDED from AnimatorTianMao\TianMaoAnimator\AndroidManifest.xml:7:22-76
uses-permission#android.permission.WRITE_EXTERNAL_STORAGE
ADDED from AnimatorTianMao\TianMaoAnimator\AndroidManifest.xml:9:5-81
	android:name
		ADDED from AnimatorTianMao\TianMaoAnimator\AndroidManifest.xml:9:22-78
uses-permission#android.permission.ACCESS_WIFI_STATE
ADDED from AnimatorTianMao\TianMaoAnimator\AndroidManifest.xml:10:5-76
	android:name
		ADDED from AnimatorTianMao\TianMaoAnimator\AndroidManifest.xml:10:22-73
uses-permission#android.permission.READ_PHONE_STATE
ADDED from AnimatorTianMao\TianMaoAnimator\AndroidManifest.xml:12:5-75
	android:name
		ADDED from AnimatorTianMao\TianMaoAnimator\AndroidManifest.xml:12:22-72
uses-permission#android.permission.READ_SETTINGS
ADDED from AnimatorTianMao\TianMaoAnimator\AndroidManifest.xml:13:5-72
	android:name
		ADDED from AnimatorTianMao\TianMaoAnimator\AndroidManifest.xml:13:22-69
uses-permission#android.permission.WRITE_SETTINGS
ADDED from AnimatorTianMao\TianMaoAnimator\AndroidManifest.xml:14:5-73
	android:name
		ADDED from AnimatorTianMao\TianMaoAnimator\AndroidManifest.xml:14:22-70
uses-permission#android.permission.MOUNT_UNMOUNT_FILESYSTEMS
ADDED from AnimatorTianMao\TianMaoAnimator\AndroidManifest.xml:16:5-84
	android:name
		ADDED from AnimatorTianMao\TianMaoAnimator\AndroidManifest.xml:16:22-81
uses-permission#android.permission.READ_EXTERNAL_STORAGE
ADDED from AnimatorTianMao\TianMaoAnimator\AndroidManifest.xml:17:5-80
	android:name
		ADDED from AnimatorTianMao\TianMaoAnimator\AndroidManifest.xml:17:22-77
application
ADDED from AnimatorTianMao\TianMaoAnimator\AndroidManifest.xml:19:5-35:19
MERGED from [com.github.bumptech.glide:glide:4.8.0] AndroidManifest.xml:10:5-20
MERGED from [com.github.bumptech.glide:glide:4.8.0] AndroidManifest.xml:10:5-20
MERGED from [com.github.bumptech.glide:gifdecoder:4.8.0] AndroidManifest.xml:9:5-20
MERGED from [com.github.bumptech.glide:gifdecoder:4.8.0] AndroidManifest.xml:9:5-20
MERGED from [com.facebook.soloader:soloader:0.5.1] AndroidManifest.xml:11:5-20
MERGED from [com.facebook.soloader:soloader:0.5.1] AndroidManifest.xml:11:5-20
	android:label
		ADDED from AnimatorTianMao\TianMaoAnimator\AndroidManifest.xml:22:9-41
	android:icon
		ADDED from AnimatorTianMao\TianMaoAnimator\AndroidManifest.xml:21:9-45
	android:allowBackup
		ADDED from AnimatorTianMao\TianMaoAnimator\AndroidManifest.xml:20:9-35
	android:theme
		ADDED from AnimatorTianMao\TianMaoAnimator\AndroidManifest.xml:23:9-40
activity#com.csdn.tianmao.MainActivity
ADDED from AnimatorTianMao\TianMaoAnimator\AndroidManifest.xml:24:9-34:20
	android:label
		ADDED from AnimatorTianMao\TianMaoAnimator\AndroidManifest.xml:28:13-45
	android:theme
		ADDED from AnimatorTianMao\TianMaoAnimator\AndroidManifest.xml:27:13-60
	android:name
		ADDED from AnimatorTianMao\TianMaoAnimator\AndroidManifest.xml:25:13-41
intent-filter#android.intent.action.MAIN+android.intent.category.LAUNCHER
ADDED from AnimatorTianMao\TianMaoAnimator\AndroidManifest.xml:29:13-33:29
action#android.intent.action.MAIN
ADDED from AnimatorTianMao\TianMaoAnimator\AndroidManifest.xml:30:17-69
	android:name
		ADDED from AnimatorTianMao\TianMaoAnimator\AndroidManifest.xml:30:25-66
category#android.intent.category.LAUNCHER
ADDED from AnimatorTianMao\TianMaoAnimator\AndroidManifest.xml:32:17-77
	android:name
		ADDED from AnimatorTianMao\TianMaoAnimator\AndroidManifest.xml:32:27-74
uses-sdk
INJECTED from AnimatorTianMao\TianMaoAnimator\AndroidManifest.xml reason: use-sdk injection requested
INJECTED from AnimatorTianMao\TianMaoAnimator\AndroidManifest.xml
INJECTED from AnimatorTianMao\TianMaoAnimator\AndroidManifest.xml
MERGED from [com.android.support:appcompat-v7:27.0.0] AndroidManifest.xml:20:5-44
MERGED from [com.android.support:appcompat-v7:27.0.0] AndroidManifest.xml:20:5-44
MERGED from [com.youth.banner:banner:1.4.10] AndroidManifest.xml:7:5-9:41
MERGED from [com.youth.banner:banner:1.4.10] AndroidManifest.xml:7:5-9:41
MERGED from [com.facebook.fresco:fresco:1.11.0] AndroidManifest.xml:5:5-7:41
MERGED from [com.facebook.fresco:fresco:1.11.0] AndroidManifest.xml:5:5-7:41
MERGED from [com.github.bumptech.glide:glide:4.8.0] AndroidManifest.xml:6:5-8:41
MERGED from [com.github.bumptech.glide:glide:4.8.0] AndroidManifest.xml:6:5-8:41
MERGED from [com.android.support:animated-vector-drawable:27.0.0] AndroidManifest.xml:20:5-44
MERGED from [com.android.support:animated-vector-drawable:27.0.0] AndroidManifest.xml:20:5-44
MERGED from [com.android.support:support-vector-drawable:27.0.0] AndroidManifest.xml:20:5-44
MERGED from [com.android.support:support-vector-drawable:27.0.0] AndroidManifest.xml:20:5-44
MERGED from [com.github.bumptech.glide:gifdecoder:4.8.0] AndroidManifest.xml:5:5-7:41
MERGED from [com.github.bumptech.glide:gifdecoder:4.8.0] AndroidManifest.xml:5:5-7:41
MERGED from [com.android.support:support-fragment:27.1.1] AndroidManifest.xml:20:5-44
MERGED from [com.android.support:support-fragment:27.1.1] AndroidManifest.xml:20:5-44
MERGED from [com.android.support:support-core-ui:27.1.1] AndroidManifest.xml:20:5-44
MERGED from [com.android.support:support-core-ui:27.1.1] AndroidManifest.xml:20:5-44
MERGED from [com.android.support:support-core-utils:27.1.1] AndroidManifest.xml:20:5-44
MERGED from [com.android.support:support-core-utils:27.1.1] AndroidManifest.xml:20:5-44
MERGED from [com.android.support:support-compat:27.1.1] AndroidManifest.xml:20:5-44
MERGED from [com.android.support:support-compat:27.1.1] AndroidManifest.xml:20:5-44
MERGED from [com.facebook.fresco:drawee:1.11.0] AndroidManifest.xml:5:5-7:41
MERGED from [com.facebook.fresco:drawee:1.11.0] AndroidManifest.xml:5:5-7:41
MERGED from [com.facebook.fresco:nativeimagefilters:1.11.0] AndroidManifest.xml:5:5-7:41
MERGED from [com.facebook.fresco:nativeimagefilters:1.11.0] AndroidManifest.xml:5:5-7:41
MERGED from [com.facebook.fresco:imagepipeline:1.11.0] AndroidManifest.xml:5:5-7:41
MERGED from [com.facebook.fresco:imagepipeline:1.11.0] AndroidManifest.xml:5:5-7:41
MERGED from [com.facebook.fresco:imagepipeline-base:1.11.0] AndroidManifest.xml:5:5-7:41
MERGED from [com.facebook.fresco:imagepipeline-base:1.11.0] AndroidManifest.xml:5:5-7:41
MERGED from [com.facebook.fresco:fbcore:1.11.0] AndroidManifest.xml:5:5-7:41
MERGED from [com.facebook.fresco:fbcore:1.11.0] AndroidManifest.xml:5:5-7:41
MERGED from [com.facebook.soloader:soloader:0.5.1] AndroidManifest.xml:7:5-9:41
MERGED from [com.facebook.soloader:soloader:0.5.1] AndroidManifest.xml:7:5-9:41
MERGED from [android.arch.lifecycle:runtime:1.1.0] AndroidManifest.xml:20:5-44
MERGED from [android.arch.lifecycle:runtime:1.1.0] AndroidManifest.xml:20:5-44
MERGED from [android.arch.lifecycle:livedata-core:1.1.0] AndroidManifest.xml:20:5-44
MERGED from [android.arch.lifecycle:livedata-core:1.1.0] AndroidManifest.xml:20:5-44
MERGED from [android.arch.core:runtime:1.1.0] AndroidManifest.xml:20:5-44
MERGED from [android.arch.core:runtime:1.1.0] AndroidManifest.xml:20:5-44
MERGED from [android.arch.lifecycle:viewmodel:1.1.0] AndroidManifest.xml:20:5-44
MERGED from [android.arch.lifecycle:viewmodel:1.1.0] AndroidManifest.xml:20:5-44
INJECTED from AnimatorTianMao\TianMaoAnimator\AndroidManifest.xml
INJECTED from AnimatorTianMao\TianMaoAnimator\AndroidManifest.xml
	android:targetSdkVersion
		INJECTED from AnimatorTianMao\TianMaoAnimator\AndroidManifest.xml
		ADDED from AnimatorTianMao\TianMaoAnimator\AndroidManifest.xml
		INJECTED from AnimatorTianMao\TianMaoAnimator\AndroidManifest.xml
	android:minSdkVersion
		INJECTED from AnimatorTianMao\TianMaoAnimator\AndroidManifest.xml
		ADDED from AnimatorTianMao\TianMaoAnimator\AndroidManifest.xml
		INJECTED from AnimatorTianMao\TianMaoAnimator\AndroidManifest.xml